Drill report for /home/gnimm/projects/schematics_pcb/neuromime/1.0 .1/project_files/neuromime_1.0.1.kicad_pcb
Created on Tue 09 Jul 2019 11:49:55 AM CEST

Copper Layer Stackup:
    =============================================================
    L1 :  F.Cu                      front
    L2 :  B.Cu                      back


Drill file 'neuromime_1.0.1-PTH.drl' contains
    plated through holes:
    =============================================================
    T1  0.70mm  0.028"  (32 holes)
    T2  0.80mm  0.031"  (80 holes)
    T3  0.90mm  0.035"  (2 holes)
    T4  1.00mm  0.039"  (26 holes)
    T5  1.10mm  0.043"  (2 holes)
    T6  4.50mm  0.177"  (1 hole)

    Total plated holes count 143


Drill file 'neuromime_1.0.1-NPTH.drl' contains
    unplated through holes:
    =============================================================

    Total unplated holes count 0
